C:\USERS\HOME\DOCUMENTS\VISUAL STUDIO 2010\PROJECTS\DLL_CZITIN_HOOK\DEBUG\DLL_CZITIN_HOOK.DLL
C:\USERS\HOME\DOCUMENTS\VISUAL STUDIO 2010\PROJECTS\DLL_CZITIN_HOOK\DEBUG\DLL_CZITIN_HOOK.ILK
C:\USERS\HOME\DOCUMENTS\VISUAL STUDIO 2010\PROJECTS\DLL_CZITIN_HOOK\DEBUG\DLL_CZITIN_HOOK.PDB
C:\USERS\HOME\DOCUMENTS\VISUAL STUDIO 2010\PROJECTS\DLL_CZITIN_HOOK\DLL_CZITIN_HOOK\DEBUG\DLL_CZITIN_HOOK.DLL.EMBED.MANIFEST
C:\USERS\HOME\DOCUMENTS\VISUAL STUDIO 2010\PROJECTS\DLL_CZITIN_HOOK\DLL_CZITIN_HOOK\DEBUG\DLL_CZITIN_HOOK.DLL.EMBED.MANIFEST.RES
C:\USERS\HOME\DOCUMENTS\VISUAL STUDIO 2010\PROJECTS\DLL_CZITIN_HOOK\DLL_CZITIN_HOOK\DEBUG\DLL_CZITIN_HOOK.DLL.INTERMEDIATE.MANIFEST
C:\USERS\HOME\DOCUMENTS\VISUAL STUDIO 2010\PROJECTS\DLL_CZITIN_HOOK\DLL_CZITIN_HOOK\DEBUG\MAIN.OBJ
C:\USERS\HOME\DOCUMENTS\VISUAL STUDIO 2010\PROJECTS\DLL_CZITIN_HOOK\DLL_CZITIN_HOOK\DEBUG\VC100.PDB
C:\Users\Kubpica\Desktop\cpp_projektyt2\dll_czitin_hook\Debug\dll_czitin_hook.pdb
C:\Users\Kubpica\Desktop\cpp_projektyt2\dll_czitin_hook\dll_czitin_hook\Debug\cl.command.1.tlog
C:\Users\Kubpica\Desktop\cpp_projektyt2\dll_czitin_hook\dll_czitin_hook\Debug\CL.read.1.tlog
C:\Users\Kubpica\Desktop\cpp_projektyt2\dll_czitin_hook\dll_czitin_hook\Debug\CL.write.1.tlog
C:\Users\Kubpica\Desktop\cpp_projektyt2\dll_czitin_hook\dll_czitin_hook\Debug\dll_czitin_hook.dll.embed.manifest
C:\USERS\KUBPICA\DESKTOP\CPP_PROJEKTYT2\DLL_CZITIN_HOOK\DLL_CZITIN_HOOK\DEBUG\DLL_CZITIN_HOOK.DLL.EMBED.MANIFEST.RES
C:\Users\Kubpica\Desktop\cpp_projektyt2\dll_czitin_hook\dll_czitin_hook\Debug\dll_czitin_hook.dll.intermediate.manifest
C:\Users\Kubpica\Desktop\cpp_projektyt2\dll_czitin_hook\dll_czitin_hook\Debug\dll_czitin_hook.vcxprojResolveAssemblyReference.cache
C:\Users\Kubpica\Desktop\cpp_projektyt2\dll_czitin_hook\dll_czitin_hook\Debug\dll_czitin_hook.write.1.tlog
C:\Users\Kubpica\Desktop\cpp_projektyt2\dll_czitin_hook\dll_czitin_hook\Debug\dll_czitin_hook_manifest.rc
C:\Users\Kubpica\Desktop\cpp_projektyt2\dll_czitin_hook\dll_czitin_hook\Debug\link.4084.read.1.tlog
C:\Users\Kubpica\Desktop\cpp_projektyt2\dll_czitin_hook\dll_czitin_hook\Debug\link.4084.write.1.tlog
C:\Users\Kubpica\Desktop\cpp_projektyt2\dll_czitin_hook\dll_czitin_hook\Debug\link.4084-cvtres.read.1.tlog
C:\Users\Kubpica\Desktop\cpp_projektyt2\dll_czitin_hook\dll_czitin_hook\Debug\link.4084-cvtres.write.1.tlog
C:\Users\Kubpica\Desktop\cpp_projektyt2\dll_czitin_hook\dll_czitin_hook\Debug\link.4196.read.1.tlog
C:\Users\Kubpica\Desktop\cpp_projektyt2\dll_czitin_hook\dll_czitin_hook\Debug\link.4196.write.1.tlog
C:\Users\Kubpica\Desktop\cpp_projektyt2\dll_czitin_hook\dll_czitin_hook\Debug\link.4196-cvtres.read.1.tlog
C:\Users\Kubpica\Desktop\cpp_projektyt2\dll_czitin_hook\dll_czitin_hook\Debug\link.4196-cvtres.write.1.tlog
C:\Users\Kubpica\Desktop\cpp_projektyt2\dll_czitin_hook\dll_czitin_hook\Debug\link.command.1.tlog
C:\Users\Kubpica\Desktop\cpp_projektyt2\dll_czitin_hook\dll_czitin_hook\Debug\link.read.1.tlog
C:\Users\Kubpica\Desktop\cpp_projektyt2\dll_czitin_hook\dll_czitin_hook\Debug\link.write.1.tlog
C:\Users\Kubpica\Desktop\cpp_projektyt2\dll_czitin_hook\dll_czitin_hook\Debug\link-cvtres.read.1.tlog
C:\Users\Kubpica\Desktop\cpp_projektyt2\dll_czitin_hook\dll_czitin_hook\Debug\link-cvtres.write.1.tlog
C:\USERS\KUBPICA\DESKTOP\CPP_PROJEKTYT2\DLL_CZITIN_HOOK\DLL_CZITIN_HOOK\DEBUG\MAIN.OBJ
C:\Users\Kubpica\Desktop\cpp_projektyt2\dll_czitin_hook\dll_czitin_hook\Debug\mt.command.1.tlog
C:\Users\Kubpica\Desktop\cpp_projektyt2\dll_czitin_hook\dll_czitin_hook\Debug\mt.read.1.tlog
C:\Users\Kubpica\Desktop\cpp_projektyt2\dll_czitin_hook\dll_czitin_hook\Debug\mt.write.1.tlog
C:\Users\Kubpica\Desktop\cpp_projektyt2\dll_czitin_hook\dll_czitin_hook\Debug\rc.command.1.tlog
C:\Users\Kubpica\Desktop\cpp_projektyt2\dll_czitin_hook\dll_czitin_hook\Debug\rc.read.1.tlog
C:\Users\Kubpica\Desktop\cpp_projektyt2\dll_czitin_hook\dll_czitin_hook\Debug\rc.write.1.tlog
C:\Users\Kubpica\Desktop\cpp_projektyt2\dll_czitin_hook\dll_czitin_hook\Debug\vc100.idb
C:\USERS\KUBPICA\DESKTOP\CPP_PROJEKTYT2\DLL_CZITIN_HOOK\DLL_CZITIN_HOOK\DEBUG\VC100.PDB
