  main.cpp
main.cpp(314): warning C4244: "argument": konwersja z "time_t" do "unsigned int", możliwa utrata danych
main.cpp(316): warning C4244: "=": konwersja z "double" do "int", możliwa utrata danych
main.cpp(338): warning C4996: 'strcpy': This function or variable may be unsafe. Consider using strcpy_s instead. To disable deprecation, use _CRT_SECURE_NO_WARNINGS. See online help for details.
  C:\Program Files (x86)\Windows Kits\10\Include\10.0.15063.0\ucrt\string.h(136): note: zobacz deklarację „strcpy”
main.cpp(368): warning C4996: 'strcpy': This function or variable may be unsafe. Consider using strcpy_s instead. To disable deprecation, use _CRT_SECURE_NO_WARNINGS. See online help for details.
  C:\Program Files (x86)\Windows Kits\10\Include\10.0.15063.0\ucrt\string.h(136): note: zobacz deklarację „strcpy”
main.cpp(401): warning C4244: "inicjowanie": konwersja z "double" do "float", możliwa utrata danych
main.cpp(406): warning C4305: "inicjowanie": obcięcie z "double" do "float"
main.cpp(506): warning C4244: "inicjowanie": konwersja z "double" do "float", możliwa utrata danych
main.cpp(550): warning C4244: "inicjowanie": konwersja z "double" do "int", możliwa utrata danych
main.cpp(553): warning C4244: "=": konwersja z "int" do "float", możliwa utrata danych
main.cpp(592): warning C4244: "inicjowanie": konwersja z "double" do "float", możliwa utrata danych
main.cpp(596): warning C4244: "inicjowanie": konwersja z "int" do "float", możliwa utrata danych
main.cpp(637): warning C4996: 'strcpy': This function or variable may be unsafe. Consider using strcpy_s instead. To disable deprecation, use _CRT_SECURE_NO_WARNINGS. See online help for details.
  C:\Program Files (x86)\Windows Kits\10\Include\10.0.15063.0\ucrt\string.h(136): note: zobacz deklarację „strcpy”
main.cpp(666): warning C4996: 'strcpy': This function or variable may be unsafe. Consider using strcpy_s instead. To disable deprecation, use _CRT_SECURE_NO_WARNINGS. See online help for details.
  C:\Program Files (x86)\Windows Kits\10\Include\10.0.15063.0\ucrt\string.h(136): note: zobacz deklarację „strcpy”
main.cpp(731): warning C4244: "=": konwersja z "double" do "float", możliwa utrata danych
main.cpp(742): warning C4244: "=": konwersja z "double" do "float", możliwa utrata danych
main.cpp(747): warning C4244: "=": konwersja z "double" do "float", możliwa utrata danych
main.cpp(760): warning C4996: 'strcpy': This function or variable may be unsafe. Consider using strcpy_s instead. To disable deprecation, use _CRT_SECURE_NO_WARNINGS. See online help for details.
  C:\Program Files (x86)\Windows Kits\10\Include\10.0.15063.0\ucrt\string.h(136): note: zobacz deklarację „strcpy”
main.cpp(785): warning C4996: 'strcpy': This function or variable may be unsafe. Consider using strcpy_s instead. To disable deprecation, use _CRT_SECURE_NO_WARNINGS. See online help for details.
  C:\Program Files (x86)\Windows Kits\10\Include\10.0.15063.0\ucrt\string.h(136): note: zobacz deklarację „strcpy”
main.cpp(804): warning C4244: "inicjowanie": konwersja z "double" do "float", możliwa utrata danych
main.cpp(812): warning C4244: "inicjowanie": konwersja z "double" do "float", możliwa utrata danych
main.cpp(906): warning C4996: 'strcpy': This function or variable may be unsafe. Consider using strcpy_s instead. To disable deprecation, use _CRT_SECURE_NO_WARNINGS. See online help for details.
  C:\Program Files (x86)\Windows Kits\10\Include\10.0.15063.0\ucrt\string.h(136): note: zobacz deklarację „strcpy”
main.cpp(992): warning C4244: "inicjowanie": konwersja z "double" do "float", możliwa utrata danych
main.cpp(1005): warning C4244: "inicjowanie": konwersja z "double" do "float", możliwa utrata danych
main.cpp(1015): warning C4305: "*=": obcięcie z "double" do "float"
main.cpp(1026): warning C4244: "inicjowanie": konwersja z "double" do "float", możliwa utrata danych
main.cpp(1034): warning C4244: "inicjowanie": konwersja z "double" do "float", możliwa utrata danych
main.cpp(1038): warning C4244: "=": konwersja z "double" do "float", możliwa utrata danych
main.cpp(1050): warning C4996: 'strcpy': This function or variable may be unsafe. Consider using strcpy_s instead. To disable deprecation, use _CRT_SECURE_NO_WARNINGS. See online help for details.
  C:\Program Files (x86)\Windows Kits\10\Include\10.0.15063.0\ucrt\string.h(136): note: zobacz deklarację „strcpy”
main.cpp(1060): warning C4244: "inicjowanie": konwersja z "double" do "float", możliwa utrata danych
main.cpp(1068): warning C4244: "inicjowanie": konwersja z "double" do "float", możliwa utrata danych
main.cpp(1072): warning C4244: "=": konwersja z "double" do "float", możliwa utrata danych
main.cpp(1120): warning C4996: 'strcpy': This function or variable may be unsafe. Consider using strcpy_s instead. To disable deprecation, use _CRT_SECURE_NO_WARNINGS. See online help for details.
  C:\Program Files (x86)\Windows Kits\10\Include\10.0.15063.0\ucrt\string.h(136): note: zobacz deklarację „strcpy”
main.cpp(1255): warning C4996: 'strcpy': This function or variable may be unsafe. Consider using strcpy_s instead. To disable deprecation, use _CRT_SECURE_NO_WARNINGS. See online help for details.
  C:\Program Files (x86)\Windows Kits\10\Include\10.0.15063.0\ucrt\string.h(136): note: zobacz deklarację „strcpy”
main.cpp(1358): warning C4996: 'strcpy': This function or variable may be unsafe. Consider using strcpy_s instead. To disable deprecation, use _CRT_SECURE_NO_WARNINGS. See online help for details.
  C:\Program Files (x86)\Windows Kits\10\Include\10.0.15063.0\ucrt\string.h(136): note: zobacz deklarację „strcpy”
main.cpp(1416): warning C4244: "=": konwersja z "int" do "float", możliwa utrata danych
main.cpp(1433): warning C4244: "=": konwersja z "int" do "float", możliwa utrata danych
main.cpp(1479): warning C4996: 'strcpy': This function or variable may be unsafe. Consider using strcpy_s instead. To disable deprecation, use _CRT_SECURE_NO_WARNINGS. See online help for details.
  C:\Program Files (x86)\Windows Kits\10\Include\10.0.15063.0\ucrt\string.h(136): note: zobacz deklarację „strcpy”
main.cpp(1863): warning C4996: 'strcpy': This function or variable may be unsafe. Consider using strcpy_s instead. To disable deprecation, use _CRT_SECURE_NO_WARNINGS. See online help for details.
  C:\Program Files (x86)\Windows Kits\10\Include\10.0.15063.0\ucrt\string.h(136): note: zobacz deklarację „strcpy”
main.cpp(1870): warning C4996: 'strcpy': This function or variable may be unsafe. Consider using strcpy_s instead. To disable deprecation, use _CRT_SECURE_NO_WARNINGS. See online help for details.
  C:\Program Files (x86)\Windows Kits\10\Include\10.0.15063.0\ucrt\string.h(136): note: zobacz deklarację „strcpy”
main.cpp(1928): warning C4244: "argument": konwersja z "int" do "float", możliwa utrata danych
main.cpp(2327): warning C4996: 'strcpy': This function or variable may be unsafe. Consider using strcpy_s instead. To disable deprecation, use _CRT_SECURE_NO_WARNINGS. See online help for details.
  C:\Program Files (x86)\Windows Kits\10\Include\10.0.15063.0\ucrt\string.h(136): note: zobacz deklarację „strcpy”
main.cpp(2458): warning C4996: 'strcpy': This function or variable may be unsafe. Consider using strcpy_s instead. To disable deprecation, use _CRT_SECURE_NO_WARNINGS. See online help for details.
  C:\Program Files (x86)\Windows Kits\10\Include\10.0.15063.0\ucrt\string.h(136): note: zobacz deklarację „strcpy”
main.cpp(2950): warning C4244: "argument": konwersja z "time_t" do "unsigned int", możliwa utrata danych
main.cpp(2973): warning C4244: "=": konwersja z "long" do "char", możliwa utrata danych
main.cpp(2974): warning C4244: "=": konwersja z "long" do "char", możliwa utrata danych
main.cpp(2975): warning C4244: "=": konwersja z "long" do "char", możliwa utrata danych
main.cpp(2976): warning C4244: "=": konwersja z "long" do "char", możliwa utrata danych
main.cpp(3040): warning C4305: "inicjowanie": obcięcie z "double" do "float"
main.cpp(3041): warning C4305: "inicjowanie": obcięcie z "double" do "float"
main.cpp(3104): warning C4244: "=": konwersja z "double" do "float", możliwa utrata danych
main.cpp(3109): warning C4244: "=": konwersja z "double" do "float", możliwa utrata danych
main.cpp(3114): warning C4244: "=": konwersja z "double" do "float", możliwa utrata danych
main.cpp(3260): warning C4305: "=": obcięcie z "double" do "float"
main.cpp(3266): warning C4305: "*=": obcięcie z "double" do "float"
main.cpp(3276): warning C4996: 'strcpy': This function or variable may be unsafe. Consider using strcpy_s instead. To disable deprecation, use _CRT_SECURE_NO_WARNINGS. See online help for details.
  C:\Program Files (x86)\Windows Kits\10\Include\10.0.15063.0\ucrt\string.h(136): note: zobacz deklarację „strcpy”
main.cpp(3475): warning C4244: "inicjowanie": konwersja z "double" do "float", możliwa utrata danych
main.cpp(3621): warning C4996: 'strcpy': This function or variable may be unsafe. Consider using strcpy_s instead. To disable deprecation, use _CRT_SECURE_NO_WARNINGS. See online help for details.
  C:\Program Files (x86)\Windows Kits\10\Include\10.0.15063.0\ucrt\string.h(136): note: zobacz deklarację „strcpy”
main.cpp(3629): warning C4244: "=": konwersja z "double" do "float", możliwa utrata danych
main.cpp(3637): warning C4244: "=": konwersja z "double" do "float", możliwa utrata danych
main.cpp(3645): warning C4244: "=": konwersja z "double" do "float", możliwa utrata danych
main.cpp(3653): warning C4244: "=": konwersja z "double" do "float", możliwa utrata danych
main.cpp(3661): warning C4244: "=": konwersja z "double" do "float", możliwa utrata danych
main.cpp(3669): warning C4244: "=": konwersja z "double" do "float", możliwa utrata danych
main.cpp(3677): warning C4244: "=": konwersja z "double" do "float", możliwa utrata danych
main.cpp(3685): warning C4244: "=": konwersja z "double" do "float", możliwa utrata danych
main.cpp(3693): warning C4244: "=": konwersja z "double" do "float", możliwa utrata danych
main.cpp(3701): warning C4244: "=": konwersja z "double" do "float", możliwa utrata danych
main.cpp(3709): warning C4244: "=": konwersja z "double" do "float", możliwa utrata danych
main.cpp(3740): warning C4996: 'strcpy': This function or variable may be unsafe. Consider using strcpy_s instead. To disable deprecation, use _CRT_SECURE_NO_WARNINGS. See online help for details.
  C:\Program Files (x86)\Windows Kits\10\Include\10.0.15063.0\ucrt\string.h(136): note: zobacz deklarację „strcpy”
main.cpp(3751): warning C4996: 'strcpy': This function or variable may be unsafe. Consider using strcpy_s instead. To disable deprecation, use _CRT_SECURE_NO_WARNINGS. See online help for details.
  C:\Program Files (x86)\Windows Kits\10\Include\10.0.15063.0\ucrt\string.h(136): note: zobacz deklarację „strcpy”
main.cpp(3758): warning C4996: 'strcpy': This function or variable may be unsafe. Consider using strcpy_s instead. To disable deprecation, use _CRT_SECURE_NO_WARNINGS. See online help for details.
  C:\Program Files (x86)\Windows Kits\10\Include\10.0.15063.0\ucrt\string.h(136): note: zobacz deklarację „strcpy”
main.cpp(2954): warning C4996: 'freopen': This function or variable may be unsafe. Consider using freopen_s instead. To disable deprecation, use _CRT_SECURE_NO_WARNINGS. See online help for details.
  C:\Program Files (x86)\Windows Kits\10\Include\10.0.15063.0\ucrt\stdio.h(242): note: zobacz deklarację „freopen”
main.cpp(2955): warning C4996: 'freopen': This function or variable may be unsafe. Consider using freopen_s instead. To disable deprecation, use _CRT_SECURE_NO_WARNINGS. See online help for details.
  C:\Program Files (x86)\Windows Kits\10\Include\10.0.15063.0\ucrt\stdio.h(242): note: zobacz deklarację „freopen”
main.cpp(2956): warning C4996: 'freopen': This function or variable may be unsafe. Consider using freopen_s instead. To disable deprecation, use _CRT_SECURE_NO_WARNINGS. See online help for details.
  C:\Program Files (x86)\Windows Kits\10\Include\10.0.15063.0\ucrt\stdio.h(242): note: zobacz deklarację „freopen”
  Trwa generowanie kodu
  3 of 2727 functions ( 0.1%) were compiled, the rest were copied from previous compilation.
    0 functions were new in current compilation
    1 functions had inline decision re-evaluated but remain unchanged
  Zakończono generowanie kodu
  dll_czitin_hook.vcxproj -> C:\Users\Kubpica\Desktop\cpp_projektyt2\t2_dll_hook_client\Release\dll_czitin_hook.dll
