  main.cpp
main.cpp(353): warning C4244: "inicjowanie": konwersja z "double" do "float", możliwa utrata danych
main.cpp(677): warning C4244: "inicjowanie": konwersja z "double" do "int", możliwa utrata danych
main.cpp(1012): warning C4244: "inicjowanie": konwersja z "double" do "float", możliwa utrata danych
main.cpp(1038): warning C4244: "inicjowanie": konwersja z "double" do "float", możliwa utrata danych
main.cpp(1046): warning C4244: "=": konwersja z "float" do "int", możliwa utrata danych
main.cpp(1527): warning C4996: 'strcpy': This function or variable may be unsafe. Consider using strcpy_s instead. To disable deprecation, use _CRT_SECURE_NO_WARNINGS. See online help for details.
  C:\Program Files (x86)\Windows Kits\10\Include\10.0.15063.0\ucrt\string.h(136): note: zobacz deklarację „strcpy”
main.cpp(1685): warning C4996: 'strcpy': This function or variable may be unsafe. Consider using strcpy_s instead. To disable deprecation, use _CRT_SECURE_NO_WARNINGS. See online help for details.
  C:\Program Files (x86)\Windows Kits\10\Include\10.0.15063.0\ucrt\string.h(136): note: zobacz deklarację „strcpy”
main.cpp(1731): warning C4244: "argument": konwersja z "time_t" do "unsigned int", możliwa utrata danych
main.cpp(1752): warning C4996: 'strcpy': This function or variable may be unsafe. Consider using strcpy_s instead. To disable deprecation, use _CRT_SECURE_NO_WARNINGS. See online help for details.
  C:\Program Files (x86)\Windows Kits\10\Include\10.0.15063.0\ucrt\string.h(136): note: zobacz deklarację „strcpy”
main.cpp(1792): warning C4244: "=": konwersja z "double" do "float", możliwa utrata danych
main.cpp(1797): warning C4244: "=": konwersja z "double" do "float", możliwa utrata danych
main.cpp(1802): warning C4244: "=": konwersja z "double" do "float", możliwa utrata danych
main.cpp(1827): warning C4996: 'strcpy': This function or variable may be unsafe. Consider using strcpy_s instead. To disable deprecation, use _CRT_SECURE_NO_WARNINGS. See online help for details.
  C:\Program Files (x86)\Windows Kits\10\Include\10.0.15063.0\ucrt\string.h(136): note: zobacz deklarację „strcpy”
main.cpp(1915): warning C4996: 'strcpy': This function or variable may be unsafe. Consider using strcpy_s instead. To disable deprecation, use _CRT_SECURE_NO_WARNINGS. See online help for details.
  C:\Program Files (x86)\Windows Kits\10\Include\10.0.15063.0\ucrt\string.h(136): note: zobacz deklarację „strcpy”
main.cpp(1735): warning C4996: 'freopen': This function or variable may be unsafe. Consider using freopen_s instead. To disable deprecation, use _CRT_SECURE_NO_WARNINGS. See online help for details.
  C:\Program Files (x86)\Windows Kits\10\Include\10.0.15063.0\ucrt\stdio.h(242): note: zobacz deklarację „freopen”
main.cpp(1736): warning C4996: 'freopen': This function or variable may be unsafe. Consider using freopen_s instead. To disable deprecation, use _CRT_SECURE_NO_WARNINGS. See online help for details.
  C:\Program Files (x86)\Windows Kits\10\Include\10.0.15063.0\ucrt\stdio.h(242): note: zobacz deklarację „freopen”
main.cpp(1737): warning C4996: 'freopen': This function or variable may be unsafe. Consider using freopen_s instead. To disable deprecation, use _CRT_SECURE_NO_WARNINGS. See online help for details.
  C:\Program Files (x86)\Windows Kits\10\Include\10.0.15063.0\ucrt\stdio.h(242): note: zobacz deklarację „freopen”
  Trwa generowanie kodu
  3 of 2431 functions ( 0.1%) were compiled, the rest were copied from previous compilation.
    0 functions were new in current compilation
    1 functions had inline decision re-evaluated but remain unchanged
  Zakończono generowanie kodu
  dll_czitin_hook.vcxproj -> C:\Users\Kubpica\Desktop\cpp_projektyt2\t2_dll_hook_host_normal\Release\dll_czitin_hook.dll
  dll_czitin_hook.vcxproj -> C:\Users\Kubpica\Desktop\cpp_projektyt2\t2_dll_hook_host_normal\Release\dll_czitin_hook.pdb (Full PDB)
